13 13 13 14 14 14 15 15 13 13 13 14 15 15 14 20 31 35 76 198 220 197 171 164 172 172 165 173 174 174 174 175 174 174 173 172 172 171 171 170 169 169 168 144 22 15 14 14 14 14 15 15 16 17 18 19 19
13 13 14 14 13 13 14 15 13 13 13 13 13 14 14 19 27 92 197 217 219 182 166 171 174 168 173 175 176 176 176 176 175 175 174 168 173 173 172 171 171 170 169 168 95 16 15 15 16 14 14 15 17 16 18 25 28
13 12 13 13 13 13 13 13 13 13 13 13 14 14 14 19 25 144 211 222 221 179 169 174 175 169 177 178 178 178 178 178 178 177 177 172 171 173 173 173 172 171 170 170 161 31 15 16 15 15 15 15 17 17 19 33 56
14 13 13 13 13 14 14 14 14 15 14 13 13 14 14 18 60 161 221 221 202 168 172 176 173 177 179 180 180 180 180 180 180 179 178 178 169 175 174 173 173 172 171 170 110 48 16 15 16 15 16 16 16 17 18 21 23
14 13 13 13 13 13 13 13 14 16 17 17 17 17 15 18 107 191 208 194 172 194 170 177 172 180 181 181 181 182 181 181 181 181 180 179 176 171 176 175 173 173 172 164 60 183 36 19 16 16 16 16 16 16 16 17 17
14 13 13 13 13 13 13 13 13 15 16 15 16 17 17 18 133 175 175 174 182 189 176 180 174 181 182 182 181 182 182 182 182 182 181 181 178 171 177 176 175 193 184 140 94 102 37 35 28 19 16 17 17 16 16 16 16
13 12 13 13 13 14 14 14 14 14 14 13 14 14 15 72 167 173 175 170 177 173 179 181 159 181 181 181 181 181 182 182 181 181 181 181 180 173 177 177 176 208 210 125 109 161 39 37 35 34 26 18 17 16 16 16 16
13 13 13 13 13 14 14 16 16 16 16 15 14 14 23 152 168 174 175 169 177 159 180 177 182 181 181 181 181 181 181 181 175 181 181 180 181 180 172 177 185 204 220 119 103 152 39 38 37 37 37 32 18 17 16 16 16
15 14 15 14 15 15 16 16 16 16 16 16 16 16 87 169 168 175 173 176 178 174 182 179 206 178 181 181 181 181 181 181 163 181 180 176 181 183 174 178 204 192 220 124 91 164 40 38 38 38 35 27 18 15 13 13 14
20 20 19 17 16 16 17 17 16 16 16 16 16 25 152 166 174 176 172 179 188 228 184 204 187 178 181 181 181 176 181 179 153 181 181 173 181 195 175 179 186 178 195 139 72 190 41 36 32 29 38 22 18 15 13 13 13
22 22 22 21 20 20 19 18 17 16 17 17 17 88 165 167 174 177 171 181 223 228 165 166 202 174 181 181 181 160 178 178 173 181 181 157 181 181 175 179 178 177 176 165 50 146 35 26 26 26 21 18 17 15 14 13 13
22 23 23 22 22 21 22 24 25 23 21 19 27 154 166 167 176 178 174 201 213 179 225 231 182 171 180 181 181 176 177 181 194 181 181 165 180 176 179 174 178 177 177 174 71 108 84 27 24 19 18 18 17 16 16 14 14
24 25 25 23 21 21 22 26 27 26 25 26 101 167 169 169 176 179 181 224 192 246 246 235 245 188 201 183 181 179 204 183 190 192 183 184 179 175 179 174 179 178 177 175 122 53 97 29 19 17 18 18 17 16 15 15 15
26 27 27 25 23 22 24 27 27 26 26 38 161 167 169 169 176 175 216 195 234 246 246 156 245 205 231 192 183 182 220 209 188 180 158 168 197 173 180 175 179 178 177 176 169 62 69 132 19 18 17 17 17 16 15 15 15
28 28 29 27 26 26 26 29 30 29 30 99 169 170 168 169 176 181 229 181 246 246 246 246 246 210 234 230 195 184 209 233 177 229 245 240 167 185 174 175 179 178 177 176 168 158 100 169 40 19 18 18 17 17 16 16 16
28 28 29 27 27 27 28 32 33 32 38 155 170 171 167 169 176 185 225 185 246 247 247 246 246 217 236 236 234 214 209 202 236 242 219 246 241 164 204 175 179 179 177 173 172 168 165 171 94 19 19 18 17 17 17 17 16
30 30 31 29 28 27 29 34 35 35 87 168 170 172 167 175 171 188 227 205 246 246 247 246 246 229 236 237 236 236 235 210 245 234 192 246 245 174 215 187 180 179 177 169 175 167 167 172 150 25 20 19 18 17 16 16 16
32 33 32 31 31 31 32 36 35 38 142 170 171 172 167 175 171 185 231 219 245 246 247 247 243 235 236 237 237 237 218 240 246 246 247 247 246 192 227 188 180 178 170 175 175 167 168 172 165 81 20 19 18 17 16 16 15
31 32 33 32 32 32 35 38 39 63 163 173 172 172 167 175 170 183 234 231 235 246 246 246 235 236 237 237 237 237 218 245 246 247 246 246 246 191 227 181 179 175 172 176 169 173 169 172 165 151 26 19 19 18 17 17 16
33 32 34 35 35 35 37 41 43 105 162 170 171 172 169 172 170 179 234 236 228 219 228 238 237 237 234 236 237 236 223 246 247 247 247 246 245 172 212 181 178 170 177 175 169 174 169 172 166 168 84 20 20 19 17 17 17
35 36 36 36 36 36 40 44 46 140 151 169 171 172 172 168 175 172 227 232 236 230 234 237 237 237 237 237 237 237 233 246 247 247 247 245 234 171 209 180 171 177 177 169 175 173 169 172 170 168 150 31 21 19 18 16 17
35 36 37 38 39 39 41 43 55 151 141 168 170 170 172 168 172 172 217 236 236 237 236 236 231 237 235 233 235 237 237 239 246 246 247 245 197 219 195 172 176 177 171 173 174 173 166 172 171 167 162 86 23 21 21 19 18
34 35 36 38 40 41 44 47 79 139 141 168 169 170 171 172 167 171 203 234 233 237 236 233 188 214 230 244 240 233 236 228 221 229 237 232 229 230 177 175 176 171 173 175 174 173 166 172 168 169 164 133 25 19 20 19 19
34 34 35 37 39 41 44 47 89 128 136 168 168 169 171 172 171 169 167 227 233 237 235 216 188 187 188 189 202 220 236 236 230 226 237 237 234 206 175 177 170 174 176 175 174 173 166 172 166 166 167 152 44 32 28 23 20
34 35 36 38 39 40 43 45 89 115 123 167 168 169 170 171 172 168 162 150 223 235 234 199 187 187 187 187 188 211 235 237 237 237 237 235 232 176 178 170 175 176 175 174 173 172 166 172 166 165 169 154 59 32 30 28 28
28 33 35 37 41 42 44 44 79 96 107 165 168 169 170 170 171 172 165 123 131 203 234 205 188 188 187 186 187 207 235 237 238 237 237 234 204 178 171 176 176 175 175 174 172 172 165 171 165 162 168 152 69 33 31 30 28
24 25 28 33 39 43 43 43 59 92 84 160 167 168 168 169 170 171 169 105 66 87 221 225 227 210 199 188 187 209 236 237 236 236 229 220 178 170 177 177 175 174 174 173 172 167 160 164 163 163 165 147 75 34 32 30 29
24 26 28 30 33 36 39 41 45 82 67 138 166 167 168 169 169 170 170 112 60 144 230 186 179 182 226 232 227 230 234 234 234 234 223 184 172 177 177 175 175 174 173 172 171 151 163 149 137 169 163 137 72 37 35 32 31
21 24 26 29 40 62 44 35 33 47 42 107 160 166 167 168 168 169 170 132 66 206 232 187 181 160 132 144 161 182 199 198 193 178 172 171 176 176 175 174 174 173 172 171 170 137 160 127 130 168 163 124 59 38 38 35 34
24 25 26 30 45 111 52 33 31 31 33 73 123 163 165 166 167 168 169 140 86 233 229 198 183 176 183 182 183 184 184 184 184 180 167 176 175 175 174 173 172 172 171 171 164 125 146 110 119 167 156 105 46 41 38 37 35
24 25 27 30 38 48 41 35 32 29 30 39 95 123 161 166 166 168 168 142 101 233 232 210 184 177 182 184 183 184 184 183 183 174 176 176 175 174 173 172 172 171 171 169 140 127 112 102 92 166 136 78 47 43 41 39 38
24 26 27 29 33 34 34 33 30 31 30 32 53 98 115 155 165 166 167 138 62 174 233 230 191 184 183 184 184 185 185 184 183 173 175 175 174 173 172 172 171 171 170 162 113 107 107 69 104 158 100 51 44 42 42 39 38
