12 12 12 12 12 12 13 13 13 13 12 12 11 11 12 18 28 31 52 137 198 181 156 149 154 155 148 155 156 157 156 156 156 156 155 155 155 154 154 154 153 153 150 127 18 11 11 11 12 12 12 13 13 14 16 16 18
11 12 12 12 12 12 12 13 13 13 13 13 13 13 13 18 25 61 128 192 199 167 152 156 157 153 158 159 159 160 160 159 159 159 156 150 156 155 155 154 154 153 153 151 84 13 12 12 12 13 13 12 13 14 18 25 29
10 12 13 13 13 13 13 12 12 13 13 13 13 13 13 17 23 91 178 200 201 165 154 159 159 153 160 161 161 161 161 161 161 161 160 156 155 158 157 155 154 154 154 153 144 27 13 13 12 12 12 13 13 14 18 37 64
11 12 13 13 13 14 14 14 13 13 13 13 13 13 13 17 41 125 200 202 187 157 157 160 157 160 164 165 165 164 164 164 164 163 161 161 153 159 159 158 156 156 155 153 99 39 14 13 13 12 13 13 13 14 17 21 24
12 13 13 13 13 13 13 13 13 14 13 13 12 12 13 17 76 171 191 178 159 179 156 163 159 165 166 166 166 167 166 166 166 166 165 164 161 156 160 159 158 158 157 149 49 112 28 16 14 13 13 13 13 14 15 16 16
12 12 13 13 13 13 13 13 13 13 14 14 13 12 13 16 119 160 160 160 166 174 162 165 160 166 167 167 167 167 167 167 167 167 166 166 165 157 161 160 159 175 169 129 67 68 33 30 24 16 14 14 14 14 14 14 14
12 12 13 13 13 13 14 14 14 14 13 13 13 13 14 64 153 158 160 155 162 161 166 166 146 167 167 167 168 169 168 167 166 167 167 166 165 159 161 161 160 190 193 116 76 100 33 31 32 31 23 14 14 14 14 14 13
13 13 13 13 13 14 14 13 13 13 12 13 14 13 19 138 153 159 160 154 164 147 168 164 169 169 169 169 169 169 169 169 163 169 168 166 166 165 159 163 168 186 201 112 73 96 34 32 33 32 32 28 14 13 14 13 13
13 13 12 13 13 13 12 13 13 13 13 13 13 14 78 154 154 160 157 161 167 161 170 167 193 166 169 169 169 169 169 169 151 169 168 162 168 171 162 165 188 176 203 117 67 103 35 33 33 33 32 25 14 13 13 12 13
16 15 15 13 14 13 14 13 13 13 13 13 13 22 139 152 159 161 157 166 175 212 175 189 176 168 169 169 169 164 169 166 141 169 169 160 168 182 162 165 172 164 180 129 57 118 35 31 28 27 39 20 13 13 13 12 11
16 16 17 16 16 16 15 14 14 13 13 13 14 80 151 153 160 161 158 168 207 213 157 156 191 167 169 169 169 148 165 166 160 168 169 145 169 169 163 165 165 162 160 152 44 92 30 25 25 24 20 17 14 13 13 13 11
16 17 17 16 16 17 17 17 17 15 14 15 23 141 153 153 160 163 161 186 197 171 223 228 179 165 171 169 169 164 164 169 181 171 169 153 169 164 167 162 165 162 161 159 64 69 53 25 23 16 15 15 14 13 12 13 11
18 17 16 16 18 18 17 17 18 16 16 17 89 153 155 154 161 165 168 208 182 243 245 234 245 183 192 173 169 167 189 173 177 181 172 172 167 163 167 162 167 164 161 160 112 38 60 26 16 14 14 14 14 13 12 13 11
18 19 18 17 16 16 17 18 17 16 17 30 148 156 156 154 164 163 200 181 230 244 245 153 244 200 218 184 174 171 205 197 178 168 153 162 186 164 168 163 167 166 162 160 155 56 47 115 16 15 15 15 14 13 12 12 11
20 20 18 17 17 17 17 18 18 18 19 86 157 158 154 154 164 168 213 170 243 244 244 244 244 204 221 218 189 175 196 220 170 228 245 239 164 176 165 164 167 167 163 161 153 146 92 154 35 17 16 15 15 14 13 12 12
20 20 18 18 19 19 19 21 20 19 25 142 159 158 153 156 164 171 208 173 244 245 245 244 244 208 222 223 223 205 197 189 233 241 218 246 240 157 195 167 167 167 163 157 157 154 151 157 86 16 14 15 15 15 14 14 13
19 19 19 18 18 19 20 20 21 21 73 156 159 158 153 160 160 174 210 192 243 244 245 244 245 218 223 223 222 222 221 203 246 234 189 246 246 170 203 177 168 167 164 155 160 152 153 158 139 20 15 14 14 15 14 14 13
20 21 19 19 19 20 20 22 21 23 128 158 158 158 153 161 159 171 214 204 243 244 246 246 241 222 223 223 222 221 204 237 246 246 245 245 245 191 215 180 168 166 158 160 160 153 154 158 151 73 16 14 14 14 14 14 12
20 21 21 20 20 20 23 24 24 48 150 161 157 158 153 161 159 170 216 215 228 244 245 245 226 223 223 223 222 221 203 244 246 246 246 246 244 188 214 172 167 163 159 161 154 159 155 158 152 137 22 15 15 13 14 14 13
19 19 20 20 20 21 23 25 27 91 149 159 158 158 155 158 158 165 217 220 212 207 217 228 223 223 220 222 222 222 210 245 246 246 247 246 245 166 199 172 166 158 163 160 154 159 155 158 151 153 75 16 16 15 15 14 14
20 20 20 21 21 22 23 26 28 125 139 158 158 158 158 155 161 159 211 217 221 216 219 222 223 221 222 223 223 222 220 243 245 245 245 244 233 160 197 169 159 163 161 153 160 159 154 158 155 153 136 24 16 15 14 14 14
20 21 22 23 24 24 24 25 37 139 131 156 159 158 158 155 158 160 202 220 223 223 222 222 220 231 227 221 222 222 223 232 243 244 244 242 188 205 186 161 165 163 156 158 160 159 151 158 156 152 148 76 17 16 16 14 14
19 20 21 23 24 23 27 28 61 128 131 154 157 158 158 158 154 158 188 219 219 222 222 220 177 205 225 242 235 221 222 214 209 220 229 220 214 216 168 164 165 160 159 160 159 158 152 157 153 154 149 121 17 14 15 14 14
19 19 21 22 23 24 27 28 71 121 127 154 154 157 158 158 157 155 154 212 218 222 221 203 170 166 167 170 189 205 222 222 216 211 222 223 221 196 166 166 159 161 161 160 159 158 152 157 151 151 152 139 32 20 17 15 14
20 21 22 24 25 24 26 28 70 109 113 153 154 154 157 158 158 154 150 139 207 220 221 185 169 165 164 163 164 192 221 223 221 221 222 221 219 168 167 158 160 161 160 159 159 157 152 157 151 150 154 140 48 19 18 19 19
18 22 23 24 26 27 28 28 60 86 96 152 154 154 155 157 158 158 152 116 122 189 220 192 171 168 164 163 163 188 219 221 221 221 222 221 193 168 159 162 160 160 160 159 158 157 151 156 150 148 154 139 60 21 20 19 18
18 18 21 23 26 29 29 29 42 81 74 148 153 154 154 155 156 158 156 98 61 80 207 210 211 195 183 171 168 191 219 221 220 220 216 208 169 160 162 161 160 159 159 158 157 153 146 150 148 149 151 136 65 22 20 19 18
19 20 21 24 26 30 30 29 31 68 55 128 152 153 154 154 155 158 159 104 57 134 215 173 163 169 211 217 212 215 219 219 219 218 209 174 161 162 161 160 160 158 158 157 156 138 148 136 128 153 148 127 61 24 21 20 19
17 20 21 25 37 66 43 29 26 38 30 101 148 153 153 154 154 154 155 122 63 191 218 175 165 145 119 132 150 170 185 183 178 164 159 159 161 161 160 159 158 158 157 156 155 126 146 117 123 152 147 115 45 24 23 21 20
19 20 22 26 42 121 55 29 24 24 24 65 115 149 151 152 153 154 154 130 79 216 214 186 168 158 162 163 165 167 168 168 168 163 154 161 160 160 160 159 158 157 156 156 150 118 133 105 111 151 140 98 29 25 23 23 21
17 19 21 24 33 47 37 29 25 22 22 29 91 115 146 150 152 154 154 132 94 216 218 198 171 161 163 163 166 167 167 167 164 157 161 160 160 159 158 158 157 156 156 155 130 119 107 95 78 149 123 65 30 26 25 24 24
18 19 21 23 27 28 28 26 23 22 22 22 42 95 109 140 150 152 153 129 60 158 218 217 180 169 166 166 167 168 169 169 168 159 160 160 159 158 157 157 156 156 155 148 108 103 101 51 88 142 92 34 28 26 26 25 24
