151 194 200 198 172 166 193 233 246 247 245 248 246 247 208 199 172 174 206 206
152 191 199 194 169 110 131 247 241 246 248 248 245 245 173 107 131 173 204 203
149 186 191 192 151 48 184 243 244 247 247 246 247 244 192 78 49 152 198 199
148 185 188 190 156 51 233 242 241 247 248 244 247 243 222 80 38 158 194 195
146 183 188 192 163 88 246 240 243 247 248 244 248 244 245 84 56 164 193 194
143 180 188 194 165 157 244 237 239 247 248 241 244 244 246 123 119 163 192 191
141 148 151 154 141 185 243 229 232 242 245 237 230 241 243 184 131 139 152 151
157 148 149 155 151 209 241 233 239 237 237 240 239 234 244 239 172 153 153 154
171 172 175 182 180 233 237 245 248 250 237 240 243 238 241 241 204 179 180 179
125 127 130 132 139 242 240 250 247 249 251 249 247 250 243 243 192 129 127 128
126 127 128 128 152 244 242 217 124 225 251 231 122 202 240 246 202 123 121 123
123 124 126 127 168 243 238 219 219 230 250 238 232 225 236 244 211 125 123 122
98 97 99 101 171 244 238 248 248 250 249 250 248 249 241 244 221 102 99 97
114 114 115 116 190 244 242 246 251 251 251 250 251 246 243 243 239 120 111 112
100 99 100 101 190 244 246 245 249 240 242 240 250 242 240 247 243 122 98 96
105 106 104 105 187 242 242 243 251 244 243 244 250 238 241 247 239 136 103 100
116 118 116 118 186 225 246 240 244 251 250 250 245 232 247 245 224 150 115 112
117 121 115 116 171 199 247 247 209 194 167 165 183 243 248 224 220 144 114 112
111 117 110 110 137 174 221 247 227 187 202 207 206 247 240 196 209 121 109 106
116 115 110 109 112 134 180 221 244 224 204 197 227 240 202 192 148 109 108 106
