103 162 173 168 130 125 160 168 171 172 170 173 171 172 157 170 135 134 183 182
103 157 170 163 126 77 92 174 167 171 173 173 171 171 123 75 96 131 178 179
101 151 159 161 115 34 142 180 177 172 173 171 173 172 149 51 35 117 170 171
99 147 153 157 118 34 180 173 172 172 173 170 173 176 173 51 28 119 163 164
96 146 152 161 121 55 174 166 169 172 173 169 173 169 177 53 37 120 162 163
92 140 153 161 122 97 169 163 166 172 173 167 170 169 172 80 80 118 159 156
91 98 102 106 90 119 168 159 167 168 171 166 164 166 169 124 83 87 102 101
114 105 106 114 110 144 167 183 187 183 166 179 183 166 169 165 123 113 113 113
124 126 128 138 136 162 166 213 216 219 190 192 208 195 171 167 149 137 137 137
69 70 72 73 78 167 172 220 217 219 220 219 217 220 178 169 122 72 70 71
70 72 71 70 89 168 173 194 118 201 221 203 117 182 174 172 130 67 65 67
67 68 69 71 103 169 169 192 195 202 220 209 207 199 168 169 138 69 67 66
50 51 52 54 108 169 168 215 217 220 219 220 216 217 170 169 147 54 52 50
60 60 62 63 120 169 169 215 220 221 221 220 221 212 169 168 163 65 59 58
51 51 53 53 120 169 171 204 219 219 221 218 220 200 166 172 167 67 49 48
56 57 55 57 118 167 168 188 221 219 224 220 221 186 167 172 162 78 54 53
62 63 62 63 115 150 171 169 209 220 220 220 212 167 172 170 149 87 60 59
62 65 61 61 102 124 171 172 142 150 138 136 133 169 172 149 144 82 59 59
58 63 58 56 76 104 145 172 154 159 161 169 173 172 164 123 132 64 55 56
62 59 56 54 57 74 109 145 169 218 178 195 189 164 129 118 82 55 55 55
